<?xml version="1.0" encoding="UTF-8"?>
<!-- Generated by org.testng.reporters.JUnitReportReporter -->
<testsuite hostname="LTIN230210" name="training.google" tests="1" failures="0" timestamp="7 Jul 2021 07:52:34 GMT" time="8.217" errors="0">
  <testcase name="trainingTwo" time="8.217" classname="training.google"/>
</testsuite> <!-- training.google -->
